This is pdfTeX, Version 3.14159265-2.6-1.40.19 (TeX Live 2018) (preloaded format=pdflatex 2018.4.16)  18 JUN 2018 15:19
entering extended mode
 restricted \write18 enabled.
 file:line:error style messages enabled.
 %&-line parsing enabled.
**report.tex
(./report.tex
LaTeX2e <2018-04-01> patch level 2
Babel <3.18> and hyphenation patterns for 84 language(s) loaded.
(/usr/local/texlive/2018/texmf-dist/tex/latex/base/article.cls
Document Class: article 2014/09/29 v1.4h Standard LaTeX document class
(/usr/local/texlive/2018/texmf-dist/tex/latex/base/size12.clo
File: size12.clo 2014/09/29 v1.4h Standard LaTeX file (size option)
)
\c@part=\count80
\c@section=\count81
\c@subsection=\count82
\c@subsubsection=\count83
\c@paragraph=\count84
\c@subparagraph=\count85
\c@figure=\count86
\c@table=\count87
\abovecaptionskip=\skip41
\belowcaptionskip=\skip42
\bibindent=\dimen102
) (/usr/local/texlive/2018/texmf-dist/tex/latex/preprint/fullpage.sty
Package: fullpage 1999/02/23 1.1 (PWD)
\FP@margin=\skip43
) (/usr/local/texlive/2018/texmf-dist/tex/latex/base/inputenc.sty
Package: inputenc 2018/04/06 v1.3b Input encoding file
\inpenc@prehook=\toks14
\inpenc@posthook=\toks15
) (/usr/local/texlive/2018/texmf-dist/tex/generic/babel/babel.sty
Package: babel 2018/02/14 3.18 The Babel package
 (/usr/local/texlive/2018/texmf-dist/tex/generic/babel/switch.def
File: switch.def 2018/02/14 3.18 Babel switching mechanism
) (/usr/local/texlive/2018/texmf-dist/tex/generic/babel-english/english.ldf
Language: english 2017/06/06 v3.3r English support from the babel system
 (/usr/local/texlive/2018/texmf-dist/tex/generic/babel/babel.def
File: babel.def 2018/02/14 3.18 Babel common definitions
\babel@savecnt=\count88
\U@D=\dimen103
 (/usr/local/texlive/2018/texmf-dist/tex/generic/babel/txtbabel.def)
\bbl@dirlevel=\count89
)
\l@canadian = a dialect from \language\l@american 
\l@australian = a dialect from \language\l@british 
\l@newzealand = a dialect from \language\l@british 
)) (/usr/local/texlive/2018/texmf-dist/tex/latex/graphics/color.sty
Package: color 2016/07/10 v1.1e Standard LaTeX Color (DPC)
 (/usr/local/texlive/2018/texmf-dist/tex/latex/graphics-cfg/color.cfg
File: color.cfg 2016/01/02 v1.6 sample color configuration
)
Package color Info: Driver file: pdftex.def on input line 147.
 (/usr/local/texlive/2018/texmf-dist/tex/latex/graphics-def/pdftex.def
File: pdftex.def 2018/01/08 v1.0l Graphics/color driver for pdftex
) (/usr/local/texlive/2018/texmf-dist/tex/latex/graphics/dvipsnam.def
File: dvipsnam.def 2016/06/17 v3.0m Driver-dependent file (DPC,SPQR)
)) (/usr/local/texlive/2018/texmf-dist/tex/latex/listings/listings.sty (/usr/local/texlive/2018/texmf-dist/tex/latex/graphics/keyval.sty
Package: keyval 2014/10/28 v1.15 key=value parser (DPC)
\KV@toks@=\toks16
)
\lst@mode=\count90
\lst@gtempboxa=\box26
\lst@token=\toks17
\lst@length=\count91
\lst@currlwidth=\dimen104
\lst@column=\count92
\lst@pos=\count93
\lst@lostspace=\dimen105
\lst@width=\dimen106
\lst@newlines=\count94
\lst@lineno=\count95
\lst@maxwidth=\dimen107

(/usr/local/texlive/2018/texmf-dist/tex/latex/listings/lstmisc.sty
File: lstmisc.sty 2015/06/04 1.6 (Carsten Heinz)
\c@lstnumber=\count96
\lst@skipnumbers=\count97
\lst@framebox=\box27
) (/usr/local/texlive/2018/texmf-dist/tex/latex/listings/listings.cfg
File: listings.cfg 2015/06/04 1.6 listings configuration
))
Package: listings 2015/06/04 1.6 (Carsten Heinz)
 (/usr/local/texlive/2018/texmf-dist/tex/latex/hyperref/hyperref.sty
Package: hyperref 2018/02/06 v6.86b Hypertext links for LaTeX
 (/usr/local/texlive/2018/texmf-dist/tex/generic/oberdiek/hobsub-hyperref.sty
Package: hobsub-hyperref 2016/05/16 v1.14 Bundle oberdiek, subset hyperref (HO)
 (/usr/local/texlive/2018/texmf-dist/tex/generic/oberdiek/hobsub-generic.sty
Package: hobsub-generic 2016/05/16 v1.14 Bundle oberdiek, subset generic (HO)
Package: hobsub 2016/05/16 v1.14 Construct package bundles (HO)
Package: infwarerr 2016/05/16 v1.4 Providing info/warning/error messages (HO)
Package: ltxcmds 2016/05/16 v1.23 LaTeX kernel commands for general use (HO)
Package: ifluatex 2016/05/16 v1.4 Provides the ifluatex switch (HO)
Package ifluatex Info: LuaTeX not detected.
Package: ifvtex 2016/05/16 v1.6 Detect VTeX and its facilities (HO)
Package ifvtex Info: VTeX not detected.
Package: intcalc 2016/05/16 v1.2 Expandable calculations with integers (HO)
Package: ifpdf 2017/03/15 v3.2 Provides the ifpdf switch
Package: etexcmds 2016/05/16 v1.6 Avoid name clashes with e-TeX commands (HO)
Package etexcmds Info: Could not find \expanded.
(etexcmds)             That can mean that you are not using pdfTeX 1.50 or
(etexcmds)             that some package has redefined \expanded.
(etexcmds)             In the latter case, load this package earlier.
Package: kvsetkeys 2016/05/16 v1.17 Key value parser (HO)
Package: kvdefinekeys 2016/05/16 v1.4 Define keys (HO)
Package: pdftexcmds 2018/01/30 v0.27 Utility functions of pdfTeX for LuaTeX (HO)
Package pdftexcmds Info: LuaTeX not detected.
Package pdftexcmds Info: \pdf@primitive is available.
Package pdftexcmds Info: \pdf@ifprimitive is available.
Package pdftexcmds Info: \pdfdraftmode found.
Package: pdfescape 2016/05/16 v1.14 Implements pdfTeX's escape features (HO)
Package: bigintcalc 2016/05/16 v1.4 Expandable calculations on big integers (HO)
Package: bitset 2016/05/16 v1.2 Handle bit-vector datatype (HO)
Package: uniquecounter 2016/05/16 v1.3 Provide unlimited unique counter (HO)
)
Package hobsub Info: Skipping package `hobsub' (already loaded).
Package: letltxmacro 2016/05/16 v1.5 Let assignment for LaTeX macros (HO)
Package: hopatch 2016/05/16 v1.3 Wrapper for package hooks (HO)
Package: xcolor-patch 2016/05/16 xcolor patch
Package: atveryend 2016/05/16 v1.9 Hooks at the very end of document (HO)
Package atveryend Info: \enddocument detected (standard20110627).
Package: atbegshi 2016/06/09 v1.18 At begin shipout hook (HO)
Package: refcount 2016/05/16 v3.5 Data extraction from label references (HO)
Package: hycolor 2016/05/16 v1.8 Color options for hyperref/bookmark (HO)
) (/usr/local/texlive/2018/texmf-dist/tex/generic/ifxetex/ifxetex.sty
Package: ifxetex 2010/09/12 v0.6 Provides ifxetex conditional
) (/usr/local/texlive/2018/texmf-dist/tex/latex/oberdiek/auxhook.sty
Package: auxhook 2016/05/16 v1.4 Hooks for auxiliary files (HO)
) (/usr/local/texlive/2018/texmf-dist/tex/latex/oberdiek/kvoptions.sty
Package: kvoptions 2016/05/16 v3.12 Key value format for package options (HO)
)
\@linkdim=\dimen108
\Hy@linkcounter=\count98
\Hy@pagecounter=\count99
 (/usr/local/texlive/2018/texmf-dist/tex/latex/hyperref/pd1enc.def
File: pd1enc.def 2018/02/06 v6.86b Hyperref: PDFDocEncoding definition (HO)
Now handling font encoding PD1 ...
... no UTF-8 mapping file for font encoding PD1
)
\Hy@SavedSpaceFactor=\count100
 (/usr/local/texlive/2018/texmf-dist/tex/latex/latexconfig/hyperref.cfg
File: hyperref.cfg 2002/06/06 v1.2 hyperref configuration of TeXLive
)
Package hyperref Info: Hyper figures OFF on input line 4509.
Package hyperref Info: Link nesting OFF on input line 4514.
Package hyperref Info: Hyper index ON on input line 4517.
Package hyperref Info: Plain pages OFF on input line 4524.
Package hyperref Info: Backreferencing OFF on input line 4529.
Package hyperref Info: Implicit mode ON; LaTeX internals redefined.
Package hyperref Info: Bookmarks ON on input line 4762.
\c@Hy@tempcnt=\count101
 (/usr/local/texlive/2018/texmf-dist/tex/latex/url/url.sty
\Urlmuskip=\muskip10
Package: url 2013/09/16  ver 3.4  Verb mode for urls, etc.
)
LaTeX Info: Redefining \url on input line 5115.
\XeTeXLinkMargin=\dimen109
\Fld@menulength=\count102
\Field@Width=\dimen110
\Fld@charsize=\dimen111
Package hyperref Info: Hyper figures OFF on input line 6369.
Package hyperref Info: Link nesting OFF on input line 6374.
Package hyperref Info: Hyper index ON on input line 6377.
Package hyperref Info: backreferencing OFF on input line 6384.
Package hyperref Info: Link coloring OFF on input line 6389.
Package hyperref Info: Link coloring with OCG OFF on input line 6394.
Package hyperref Info: PDF/A mode OFF on input line 6399.
LaTeX Info: Redefining \ref on input line 6439.
LaTeX Info: Redefining \pageref on input line 6443.
\Hy@abspage=\count103
\c@Item=\count104
\c@Hfootnote=\count105
)
Package hyperref Info: Driver (autodetected): hpdftex.
 (/usr/local/texlive/2018/texmf-dist/tex/latex/hyperref/hpdftex.def
File: hpdftex.def 2018/02/06 v6.86b Hyperref driver for pdfTeX
\Fld@listcount=\count106
\c@bookmark@seq@number=\count107
 (/usr/local/texlive/2018/texmf-dist/tex/latex/oberdiek/rerunfilecheck.sty
Package: rerunfilecheck 2016/05/16 v1.8 Rerun checks for auxiliary files (HO)
Package uniquecounter Info: New unique counter `rerunfilecheck' on input line 282.
)
\Hy@SectionHShift=\skip44
) (/usr/local/texlive/2018/texmf-dist/tex/latex/appendix/appendix.sty
Package: appendix 2009/09/02 v1.2b extra appendix facilities
\c@@pps=\count108
\c@@ppsavesec=\count109
\c@@ppsaveapp=\count110
)
(/usr/local/texlive/2018/texmf-dist/tex/latex/underscore/underscore.sty
Package: underscore 2006/09/13
LaTeX Info: Redefining \_ on input line 42.
) (/usr/local/texlive/2018/texmf-dist/tex/latex/csquotes/csquotes.sty
Package: csquotes 2018/02/11 v5.2c context-sensitive quotations (JAW)
 (/usr/local/texlive/2018/texmf-dist/tex/latex/etoolbox/etoolbox.sty
Package: etoolbox 2018/02/11 v2.5e e-TeX tools for LaTeX (JAW)
\etb@tempcnta=\count111
)
\csq@reset=\count112
\csq@gtype=\count113
\csq@glevel=\count114
\csq@qlevel=\count115
\csq@maxlvl=\count116
\csq@tshold=\count117
\csq@ltx@everypar=\toks18
 (/usr/local/texlive/2018/texmf-dist/tex/latex/csquotes/csquotes.def
File: csquotes.def 2018/02/11 v5.2c csquotes generic definitions (JAW)
)
Package csquotes Info: Trying to load configuration file 'csquotes.cfg'...
Package csquotes Info: ... configuration file loaded successfully.
 (/usr/local/texlive/2018/texmf-dist/tex/latex/csquotes/csquotes.cfg
File: csquotes.cfg 
)) (/usr/local/texlive/2018/texmf-dist/tex/latex/graphics/graphicx.sty
Package: graphicx 2017/06/01 v1.1a Enhanced LaTeX Graphics (DPC,SPQR)
 (/usr/local/texlive/2018/texmf-dist/tex/latex/graphics/graphics.sty
Package: graphics 2017/06/25 v1.2c Standard LaTeX Graphics (DPC,SPQR)
 (/usr/local/texlive/2018/texmf-dist/tex/latex/graphics/trig.sty
Package: trig 2016/01/03 v1.10 sin cos tan (DPC)
) (/usr/local/texlive/2018/texmf-dist/tex/latex/graphics-cfg/graphics.cfg
File: graphics.cfg 2016/06/04 v1.11 sample graphics configuration
)
Package graphics Info: Driver file: pdftex.def on input line 99.
)
\Gin@req@height=\dimen112
\Gin@req@width=\dimen113
) (/usr/local/texlive/2018/texmf-dist/tex/latex/tools/longtable.sty
Package: longtable 2014/10/28 v4.11 Multi-page Table package (DPC)
\LTleft=\skip45
\LTright=\skip46
\LTpre=\skip47
\LTpost=\skip48
\LTchunksize=\count118
\LTcapwidth=\dimen114
\LT@head=\box28
\LT@firsthead=\box29
\LT@foot=\box30
\LT@lastfoot=\box31
\LT@cols=\count119
\LT@rows=\count120
\c@LT@tables=\count121
\c@LT@chunks=\count122
\LT@p@ftn=\toks19
) (/usr/local/texlive/2018/texmf-dist/tex/latex/xcolor/xcolor.sty
Package: xcolor 2016/05/11 v2.12 LaTeX color extensions (UK)
 (/usr/local/texlive/2018/texmf-dist/tex/latex/graphics-cfg/color.cfg
File: color.cfg 2016/01/02 v1.6 sample color configuration
)
Package xcolor Info: Driver file: pdftex.def on input line 225.
 (/usr/local/texlive/2018/texmf-dist/tex/latex/colortbl/colortbl.sty
Package: colortbl 2012/02/13 v1.0a Color table columns (DPC)
 (/usr/local/texlive/2018/texmf-dist/tex/latex/tools/array.sty
Package: array 2018/04/07 v2.4g Tabular extension package (FMi)
\col@sep=\dimen115
\ar@mcellbox=\box32
\extrarowheight=\dimen116
\NC@list=\toks20
\extratabsurround=\skip49
\backup@length=\skip50
\ar@cellbox=\box33
)
\everycr=\toks21
\minrowclearance=\skip51
)
LaTeX Info: Redefining \color on input line 709.
\rownum=\count123
Package xcolor Info: Model `cmy' substituted by `cmy0' on input line 1348.
Package xcolor Info: Model `hsb' substituted by `rgb' on input line 1352.
Package xcolor Info: Model `RGB' extended on input line 1364.
Package xcolor Info: Model `HTML' substituted by `rgb' on input line 1366.
Package xcolor Info: Model `Hsb' substituted by `hsb' on input line 1367.
Package xcolor Info: Model `tHsb' substituted by `hsb' on input line 1368.
Package xcolor Info: Model `HSB' substituted by `hsb' on input line 1369.
Package xcolor Info: Model `Gray' substituted by `gray' on input line 1370.
Package xcolor Info: Model `wave' substituted by `hsb' on input line 1371.
)
(/usr/local/texlive/2018/texmf-dist/tex/latex/booktabs/booktabs.sty
Package: booktabs 2016/04/27 v1.618033 publication quality tables
\heavyrulewidth=\dimen117
\lightrulewidth=\dimen118
\cmidrulewidth=\dimen119
\belowrulesep=\dimen120
\belowbottomsep=\dimen121
\aboverulesep=\dimen122
\abovetopsep=\dimen123
\cmidrulesep=\dimen124
\cmidrulekern=\dimen125
\defaultaddspace=\dimen126
\@cmidla=\count124
\@cmidlb=\count125
\@aboverulesep=\dimen127
\@belowrulesep=\dimen128
\@thisruleclass=\count126
\@lastruleclass=\count127
\@thisrulewidth=\dimen129
)
Package hyperref Info: Option `colorlinks' set `true' on input line 30.
 (/usr/local/texlive/2018/texmf-dist/tex/latex/biblatex/biblatex.sty
Package: biblatex 2018/03/04 v3.11 programmable bibliographies (PK/MW)
 (/usr/local/texlive/2018/texmf-dist/tex/latex/logreq/logreq.sty
Package: logreq 2010/08/04 v1.0 xml request logger
\lrq@indent=\count128
 (/usr/local/texlive/2018/texmf-dist/tex/latex/logreq/logreq.def
File: logreq.def 2010/08/04 v1.0 logreq spec v1.0
)) (/usr/local/texlive/2018/texmf-dist/tex/latex/base/ifthen.sty
Package: ifthen 2014/09/29 v1.1c Standard LaTeX ifthen package (DPC)
) (/usr/local/texlive/2018/texmf-dist/tex/generic/xstring/xstring.sty (/usr/local/texlive/2018/texmf-dist/tex/generic/xstring/xstring.tex
\@xs@message=\write3
\integerpart=\count129
\decimalpart=\count130
)
Package: xstring 2013/10/13  v1.7c  String manipulations (C Tellechea)
)
\c@tabx@nest=\count131
\c@listtotal=\count132
\c@listcount=\count133
\c@liststart=\count134
\c@liststop=\count135
\c@citecount=\count136
\c@citetotal=\count137
\c@multicitecount=\count138
\c@multicitetotal=\count139
\c@instcount=\count140
\c@maxnames=\count141
\c@minnames=\count142
\c@maxitems=\count143
\c@minitems=\count144
\c@citecounter=\count145
\c@savedcitecounter=\count146
\c@uniquelist=\count147
\c@uniquename=\count148
\c@refsection=\count149
\c@refsegment=\count150
\c@maxextratitle=\count151
\c@maxextratitleyear=\count152
\c@maxextradate=\count153
\c@maxextraalpha=\count154
\c@abbrvpenalty=\count155
\c@highnamepenalty=\count156
\c@lownamepenalty=\count157
\c@maxparens=\count158
\c@parenlevel=\count159
\blx@tempcnta=\count160
\blx@tempcntb=\count161
\blx@tempcntc=\count162
\blx@maxsection=\count163
\blx@maxsegment@0=\count164
\blx@notetype=\count165
\blx@parenlevel@text=\count166
\blx@parenlevel@foot=\count167
\blx@sectionciteorder@0=\count168
\labelnumberwidth=\skip52
\labelalphawidth=\skip53
\biblabelsep=\skip54
\bibitemsep=\skip55
\bibnamesep=\skip56
\bibinitsep=\skip57
\bibparsep=\skip58
\bibhang=\skip59
\blx@bcfin=\read1
\blx@bcfout=\write4
\c@mincomprange=\count169
\c@maxcomprange=\count170
\c@mincompwidth=\count171
Package biblatex Info: Trying to load biblatex default data model...
Package biblatex Info: ... file 'blx-dm.def' found.
 (/usr/local/texlive/2018/texmf-dist/tex/latex/biblatex/blx-dm.def
File: blx-dm.def 2018/03/04 v3.11 biblatex localization (PK/MW)
)
Package biblatex Info: Trying to load biblatex style data model...
Package biblatex Info: ... file 'alphabetic.dbx' not found.
Package biblatex Info: Trying to load biblatex custom data model...
Package biblatex Info: ... file 'biblatex-dm.cfg' not found.
\c@afterword=\count172
\c@savedafterword=\count173
\c@annotator=\count174
\c@savedannotator=\count175
\c@author=\count176
\c@savedauthor=\count177
\c@bookauthor=\count178
\c@savedbookauthor=\count179
\c@commentator=\count180
\c@savedcommentator=\count181
\c@editor=\count182
\c@savededitor=\count183
\c@editora=\count184
\c@savededitora=\count185
\c@editorb=\count186
\c@savededitorb=\count187
\c@editorc=\count188
\c@savededitorc=\count189
\c@foreword=\count190
\c@savedforeword=\count191
\c@holder=\count192
\c@savedholder=\count193
\c@introduction=\count194
\c@savedintroduction=\count195
\c@namea=\count196
\c@savednamea=\count197
\c@nameb=\count198
\c@savednameb=\count199
\c@namec=\count266
\c@savednamec=\count267
\c@translator=\count268
\c@savedtranslator=\count269
\c@shortauthor=\count270
\c@savedshortauthor=\count271
\c@shorteditor=\count272
\c@savedshorteditor=\count273
\c@labelname=\count274
\c@savedlabelname=\count275
\c@institution=\count276
\c@savedinstitution=\count277
\c@lista=\count278
\c@savedlista=\count279
\c@listb=\count280
\c@savedlistb=\count281
\c@listc=\count282
\c@savedlistc=\count283
\c@listd=\count284
\c@savedlistd=\count285
\c@liste=\count286
\c@savedliste=\count287
\c@listf=\count288
\c@savedlistf=\count289
\c@location=\count290
\c@savedlocation=\count291
\c@organization=\count292
\c@savedorganization=\count293
\c@origlocation=\count294
\c@savedoriglocation=\count295
\c@origpublisher=\count296
\c@savedorigpublisher=\count297
\c@publisher=\count298
\c@savedpublisher=\count299
\c@language=\count300
\c@savedlanguage=\count301
\c@origlanguage=\count302
\c@savedoriglanguage=\count303
\c@pageref=\count304
\c@savedpageref=\count305
\shorthandwidth=\skip60
\shortjournalwidth=\skip61
\shortserieswidth=\skip62
\shorttitlewidth=\skip63
\shortauthorwidth=\skip64
\shorteditorwidth=\skip65
\locallabelnumberwidth=\skip66
\locallabelalphawidth=\skip67
\localshorthandwidth=\skip68
\localshortjournalwidth=\skip69
\localshortserieswidth=\skip70
\localshorttitlewidth=\skip71
\localshortauthorwidth=\skip72
\localshorteditorwidth=\skip73
Package biblatex Info: Trying to load compatibility code...
Package biblatex Info: ... file 'blx-compat.def' found.
 (/usr/local/texlive/2018/texmf-dist/tex/latex/biblatex/blx-compat.def
File: blx-compat.def 2018/03/04 v3.11 biblatex compatibility (PK/MW)
)
Package biblatex Info: Trying to load generic definitions...
Package biblatex Info: ... file 'biblatex.def' found.
 (/usr/local/texlive/2018/texmf-dist/tex/latex/biblatex/biblatex.def
File: biblatex.def 2018/03/04 v3.11 biblatex compatibility (PK/MW)
\c@textcitecount=\count306
\c@textcitetotal=\count307
\c@textcitemaxnames=\count308
\c@biburlnumpenalty=\count309
\c@biburlucpenalty=\count310
\c@biburllcpenalty=\count311
\c@smartand=\count312
)
Package biblatex Info: Trying to load bibliography style 'alphabetic'...
Package biblatex Info: ... file 'alphabetic.bbx' found.
 (/usr/local/texlive/2018/texmf-dist/tex/latex/biblatex/bbx/alphabetic.bbx
File: alphabetic.bbx 2018/03/04 v3.11 biblatex bibliography style (PK/MW)
Package biblatex Info: Trying to load bibliography style 'standard'...
Package biblatex Info: ... file 'standard.bbx' found.
 (/usr/local/texlive/2018/texmf-dist/tex/latex/biblatex/bbx/standard.bbx
File: standard.bbx 2018/03/04 v3.11 biblatex bibliography style (PK/MW)
\c@bbx:relatedcount=\count313
\c@bbx:relatedtotal=\count314
))
Package biblatex Info: Trying to load citation style 'alphabetic'...
Package biblatex Info: ... file 'alphabetic.cbx' found.
 (/usr/local/texlive/2018/texmf-dist/tex/latex/biblatex/cbx/alphabetic.cbx
File: alphabetic.cbx 2018/03/04 v3.11 biblatex citation style (PK/MW)
Package biblatex Info: Redefining '\cite'.
Package biblatex Info: Redefining '\parencite'.
Package biblatex Info: Redefining '\footcite'.
Package biblatex Info: Redefining '\footcitetext'.
Package biblatex Info: Redefining '\smartcite'.
Package biblatex Info: Redefining '\textcite'.
Package biblatex Info: Redefining '\textcites'.
Package biblatex Info: Redefining '\cites'.
Package biblatex Info: Redefining '\parencites'.
Package biblatex Info: Redefining '\smartcites'.
)
Package biblatex Info: Trying to load configuration file...
Package biblatex Info: ... file 'biblatex.cfg' found.
 (/usr/local/texlive/2018/texmf-dist/tex/latex/biblatex/biblatex.cfg
File: biblatex.cfg 
))
Package csquotes Info: Checking for multilingual support...
Package csquotes Info: ... found 'babel' package.
Package csquotes Info: Adjusting default style.
Package csquotes Info: Redefining alias 'default' -> 'english'.
Package biblatex Info: Trying to load language 'english'...
Package biblatex Info: ... file 'english.lbx' found.

(/usr/local/texlive/2018/texmf-dist/tex/latex/biblatex/lbx/english.lbx
File: english.lbx 2018/03/04 v3.11 biblatex localization (PK/MW)
) (./report.aux)
\openout1 = `report.aux'.

LaTeX Font Info:    Checking defaults for OML/cmm/m/it on input line 58.
LaTeX Font Info:    ... okay on input line 58.
LaTeX Font Info:    Checking defaults for T1/cmr/m/n on input line 58.
LaTeX Font Info:    ... okay on input line 58.
LaTeX Font Info:    Checking defaults for OT1/cmr/m/n on input line 58.
LaTeX Font Info:    ... okay on input line 58.
LaTeX Font Info:    Checking defaults for OMS/cmsy/m/n on input line 58.
LaTeX Font Info:    ... okay on input line 58.
LaTeX Font Info:    Checking defaults for OMX/cmex/m/n on input line 58.
LaTeX Font Info:    ... okay on input line 58.
LaTeX Font Info:    Checking defaults for U/cmr/m/n on input line 58.
LaTeX Font Info:    ... okay on input line 58.
LaTeX Font Info:    Checking defaults for PD1/pdf/m/n on input line 58.
LaTeX Font Info:    ... okay on input line 58.
 (/usr/local/texlive/2018/texmf-dist/tex/context/base/mkii/supp-pdf.mkii
[Loading MPS to PDF converter (version 2006.09.02).]
\scratchcounter=\count315
\scratchdimen=\dimen130
\scratchbox=\box34
\nofMPsegments=\count316
\nofMParguments=\count317
\everyMPshowfont=\toks22
\MPscratchCnt=\count318
\MPscratchDim=\dimen131
\MPnumerator=\count319
\makeMPintoPDFobject=\count320
\everyMPtoPDFconversion=\toks23
) (/usr/local/texlive/2018/texmf-dist/tex/latex/oberdiek/epstopdf-base.sty
Package: epstopdf-base 2016/05/15 v2.6 Base part for package epstopdf
 (/usr/local/texlive/2018/texmf-dist/tex/latex/oberdiek/grfext.sty
Package: grfext 2016/05/16 v1.2 Manage graphics extensions (HO)
)
Package epstopdf-base Info: Redefining graphics rule for `.eps' on input line 438.
Package grfext Info: Graphics extension search list:
(grfext)             [.png,.pdf,.eps]
(grfext)             \AppendGraphicsExtensions on input line 456.
 (/usr/local/texlive/2018/texmf-dist/tex/latex/latexconfig/epstopdf-sys.cfg
File: epstopdf-sys.cfg 2010/07/13 v1.3 Configuration of (r)epstopdf for TeX Live
))
\c@lstlisting=\count321
\AtBeginShipoutBox=\box35
Package hyperref Info: Link coloring ON on input line 58.
 (/usr/local/texlive/2018/texmf-dist/tex/latex/hyperref/nameref.sty
Package: nameref 2016/05/21 v2.44 Cross-referencing by name of section
 (/usr/local/texlive/2018/texmf-dist/tex/generic/oberdiek/gettitlestring.sty
Package: gettitlestring 2016/05/16 v1.5 Cleanup title references (HO)
)
\c@section@level=\count322
)
LaTeX Info: Redefining \ref on input line 58.
LaTeX Info: Redefining \pageref on input line 58.
LaTeX Info: Redefining \nameref on input line 58.
 (./report.out) (./report.out)
\@outlinefile=\write5
\openout5 = `report.out'.

Package biblatex Info: Input encoding 'utf8' detected.
Package biblatex Info: Automatic encoding selection.
(biblatex)             Assuming data encoding 'utf8'.
\openout4 = `report.bcf'.

Package biblatex Info: Trying to load bibliographic data...
Package biblatex Info: ... file 'report.bbl' found.
 (./report.bbl)
Package biblatex Info: Reference section=0 on input line 58.
Package biblatex Info: Reference segment=0 on input line 58.
LaTeX Font Info:    External font `cmex10' loaded for size
(Font)              <14.4> on input line 60.
LaTeX Font Info:    External font `cmex10' loaded for size
(Font)              <7> on input line 60.
 [1

{/usr/local/texlive/2018/texmf-var/fonts/map/pdftex/updmap/pdftex.map}]
LaTeX Font Info:    Try loading font information for OMS+cmtt on input line 75.
LaTeX Font Info:    No file OMScmtt.fd. on input line 75.


LaTeX Font Warning: Font shape `OMS/cmtt/m/n' undefined
(Font)              using `OMS/cmsy/m/n' instead
(Font)              for symbol `textbraceleft' on input line 75.

<./images/homecredit.png, id=246, 723.30225pt x 464.33475pt>
File: ./images/homecredit.png Graphic file (type png)
<use ./images/homecredit.png>
Package pdftex.def Info: ./images/homecredit.png  used on input line 78.
(pdftex.def)             Requested size: 422.77664pt x 271.41154pt.
[2 <./images/homecredit.png>] [3]
<./images/roccurves.png, id=267, 525.965pt x 515.9275pt>
File: ./images/roccurves.png Graphic file (type png)
<use ./images/roccurves.png>
Package pdftex.def Info: ./images/roccurves.png  used on input line 106.
(pdftex.def)             Requested size: 234.8775pt x 230.39394pt.
 [4 <./images/roccurves.png>] [5] [6]
<./images/borrowersnandata.png, id=296, 722.7pt x 433.62pt>
File: ./images/borrowersnandata.png Graphic file (type png)
<use ./images/borrowersnandata.png>
Package pdftex.def Info: ./images/borrowersnandata.png  used on input line 151.
(pdftex.def)             Requested size: 328.82707pt x 197.29741pt.
 [7 <./images/borrowersnandata.png>] [8] [9]
<./images/distribsEXTSOURCE1EXTSOURCE2EXTSOURCE3.png, id=325, 1009.8528pt x 279.444pt>
File: ./images/distribsEXTSOURCE1EXTSOURCE2EXTSOURCE3.png Graphic file (type png)
<use ./images/distribsEXTSOURCE1EXTSOURCE2EXTSOURCE3.png>
Package pdftex.def Info: ./images/distribsEXTSOURCE1EXTSOURCE2EXTSOURCE3.png  used on input line 206.
(pdftex.def)             Requested size: 469.75502pt x 129.98701pt.
<./images/distribREGIONPOPULATIONRELATIVE.png, id=326, 720.5319pt x 410.4936pt>
File: ./images/distribREGIONPOPULATIONRELATIVE.png Graphic file (type png)
<use ./images/distribREGIONPOPULATIONRELATIVE.png>
Package pdftex.def Info: ./images/distribREGIONPOPULATIONRELATIVE.png  used on input line 214.
(pdftex.def)             Requested size: 328.82707pt x 187.33861pt.
 [10 <./images/distribsEXTSOURCE1EXTSOURCE2EXTSOURCE3.png>]
<./images/distribsYEARSBUILDAVGFLOORSMINMODEFLOORSMAXAVG.png, id=333, 1008.8892pt x 353.6412pt>
File: ./images/distribsYEARSBUILDAVGFLOORSMINMODEFLOORSMAXAVG.png Graphic file (type png)
<use ./images/distribsYEARSBUILDAVGFLOORSMINMODEFLOORSMAXAVG.png>
Package pdftex.def Info: ./images/distribsYEARSBUILDAVGFLOORSMINMODEFLOORSMAXAVG.png  used on input line 222.
(pdftex.def)             Requested size: 469.75502pt x 164.66269pt.
<./images/distribsELEVATORSMEDICOMMONAREAMEDINONLIVINGAPARTMENTSMED.png, id=334, 1008.8892pt x 353.6412pt>
File: ./images/distribsELEVATORSMEDICOMMONAREAMEDINONLIVINGAPARTMENTSMED.png Graphic file (type png)
<use ./images/distribsELEVATORSMEDICOMMONAREAMEDINONLIVINGAPARTMENTSMED.png>
Package pdftex.def Info: ./images/distribsELEVATORSMEDICOMMONAREAMEDINONLIVINGAPARTMENTSMED.png  used on input line 230.
(pdftex.def)             Requested size: 469.75502pt x 164.66269pt.
 [11 <./images/distribREGIONPOPULATIONRELATIVE.png> <./images/distribsYEARSBUILDAVGFLOORSMINMODEFLOORSMAXAVG.png>]
<./images/distribsDAYSBIRTHDAYSIDPUBLISHHOURAPPRPROCESSSTART.png, id=345, 1007.9256pt x 353.6412pt>
File: ./images/distribsDAYSBIRTHDAYSIDPUBLISHHOURAPPRPROCESSSTART.png Graphic file (type png)
<use ./images/distribsDAYSBIRTHDAYSIDPUBLISHHOURAPPRPROCESSSTART.png>
Package pdftex.def Info: ./images/distribsDAYSBIRTHDAYSIDPUBLISHHOURAPPRPROCESSSTART.png  used on input line 243.
(pdftex.def)             Requested size: 469.75502pt x 164.81917pt.
LaTeX Font Info:    Font shape `OT1/cmtt/bx/n' in size <12> not available
(Font)              Font shape `OT1/cmtt/m/n' tried instead on input line 250.


Package hyperref Warning: Token not allowed in a PDF string (PDFDocEncoding):
(hyperref)                removing `\setbox' on input line 250.


Package hyperref Warning: Token not allowed in a PDF string (PDFDocEncoding):
(hyperref)                removing `\z@' on input line 250.


Package hyperref Warning: Token not allowed in a PDF string (PDFDocEncoding):
(hyperref)                removing `\hbox' on input line 250.


Package hyperref Warning: Token not allowed in a PDF string (PDFDocEncoding):
(hyperref)                \kern 3.0pt
(hyperref)                removed on input line 250.


Package hyperref Warning: Token not allowed in a PDF string (PDFDocEncoding):
(hyperref)                removing `\pdfcolorstack' on input line 250.


Package hyperref Warning: Token not allowed in a PDF string (PDFDocEncoding):
(hyperref)                removing `\main@pdfcolorstack' on input line 250.


Package hyperref Warning: Token not allowed in a PDF string (PDFDocEncoding):
(hyperref)                removing `\aftergroup' on input line 250.


Package hyperref Warning: Token not allowed in a PDF string (PDFDocEncoding):
(hyperref)                removing `\pdfcolorstack' on input line 250.


Package hyperref Warning: Token not allowed in a PDF string (PDFDocEncoding):
(hyperref)                removing `\main@pdfcolorstack' on input line 250.


Package hyperref Warning: Token not allowed in a PDF string (PDFDocEncoding):
(hyperref)                \kern 3.0pt
(hyperref)                removed on input line 250.


Package hyperref Warning: Token not allowed in a PDF string (PDFDocEncoding):
(hyperref)                removing `\dimen@' on input line 250.


Package hyperref Warning: Token not allowed in a PDF string (PDFDocEncoding):
(hyperref)                removing `\ht' on input line 250.


Package hyperref Warning: Token not allowed in a PDF string (PDFDocEncoding):
(hyperref)                removing `\z@' on input line 250.


Package hyperref Warning: Token not allowed in a PDF string (PDFDocEncoding):
(hyperref)                removing `\advance' on input line 250.


Package hyperref Warning: Token not allowed in a PDF string (PDFDocEncoding):
(hyperref)                removing `\dimen@' on input line 250.


Package hyperref Warning: Token not allowed in a PDF string (PDFDocEncoding):
(hyperref)                removing `\fboxsep' on input line 250.


Package hyperref Warning: Token not allowed in a PDF string (PDFDocEncoding):
(hyperref)                removing `\ht' on input line 250.


Package hyperref Warning: Token not allowed in a PDF string (PDFDocEncoding):
(hyperref)                removing `\z@' on input line 250.


Package hyperref Warning: Token not allowed in a PDF string (PDFDocEncoding):
(hyperref)                removing `\dimen@' on input line 250.


Package hyperref Warning: Token not allowed in a PDF string (PDFDocEncoding):
(hyperref)                removing `\dimen@' on input line 250.


Package hyperref Warning: Token not allowed in a PDF string (PDFDocEncoding):
(hyperref)                removing `\dp' on input line 250.


Package hyperref Warning: Token not allowed in a PDF string (PDFDocEncoding):
(hyperref)                removing `\z@' on input line 250.


Package hyperref Warning: Token not allowed in a PDF string (PDFDocEncoding):
(hyperref)                removing `\advance' on input line 250.


Package hyperref Warning: Token not allowed in a PDF string (PDFDocEncoding):
(hyperref)                removing `\dimen@' on input line 250.


Package hyperref Warning: Token not allowed in a PDF string (PDFDocEncoding):
(hyperref)                removing `\fboxsep' on input line 250.


Package hyperref Warning: Token not allowed in a PDF string (PDFDocEncoding):
(hyperref)                removing `\dp' on input line 250.


Package hyperref Warning: Token not allowed in a PDF string (PDFDocEncoding):
(hyperref)                removing `\z@' on input line 250.


Package hyperref Warning: Token not allowed in a PDF string (PDFDocEncoding):
(hyperref)                removing `\dimen@' on input line 250.


Package hyperref Warning: Token not allowed in a PDF string (PDFDocEncoding):
(hyperref)                removing `\@ifnextchar' on input line 250.


Package hyperref Warning: Token not allowed in a PDF string (PDFDocEncoding):
(hyperref)                removing `\pdfcolorstack' on input line 250.


Package hyperref Warning: Token not allowed in a PDF string (PDFDocEncoding):
(hyperref)                removing `\main@pdfcolorstack' on input line 250.


Package hyperref Warning: Token not allowed in a PDF string (PDFDocEncoding):
(hyperref)                removing `\aftergroup' on input line 250.


Package hyperref Warning: Token not allowed in a PDF string (PDFDocEncoding):
(hyperref)                removing `\pdfcolorstack' on input line 250.


Package hyperref Warning: Token not allowed in a PDF string (PDFDocEncoding):
(hyperref)                removing `\main@pdfcolorstack' on input line 250.


Package hyperref Warning: Token not allowed in a PDF string (PDFDocEncoding):
(hyperref)                removing `\hbox' on input line 250.


Package hyperref Warning: Token not allowed in a PDF string (PDFDocEncoding):
(hyperref)                removing `\z@' on input line 250.


Package hyperref Warning: Token not allowed in a PDF string (PDFDocEncoding):
(hyperref)                removing `\vrule' on input line 250.


Package hyperref Warning: Token not allowed in a PDF string (PDFDocEncoding):
(hyperref)                removing `\wd' on input line 250.


Package hyperref Warning: Token not allowed in a PDF string (PDFDocEncoding):
(hyperref)                removing `\z@' on input line 250.


Package hyperref Warning: Token not allowed in a PDF string (PDFDocEncoding):
(hyperref)                removing `\ht' on input line 250.


Package hyperref Warning: Token not allowed in a PDF string (PDFDocEncoding):
(hyperref)                removing `\z@' on input line 250.


Package hyperref Warning: Token not allowed in a PDF string (PDFDocEncoding):
(hyperref)                removing `\dp' on input line 250.


Package hyperref Warning: Token not allowed in a PDF string (PDFDocEncoding):
(hyperref)                removing `\z@' on input line 250.


Package hyperref Warning: Token not allowed in a PDF string (PDFDocEncoding):
(hyperref)                removing `\hss' on input line 250.


Package hyperref Warning: Token not allowed in a PDF string (PDFDocEncoding):
(hyperref)                removing `\box' on input line 250.


Package hyperref Warning: Token not allowed in a PDF string (PDFDocEncoding):
(hyperref)                removing `\z@' on input line 250.

[12 <./images/distribsELEVATORSMEDICOMMONAREAMEDINONLIVINGAPARTMENTSMED.png>]
<./images/distribDAYSEMPLOYED.png, id=352, 722.7pt x 433.62pt>
File: ./images/distribDAYSEMPLOYED.png Graphic file (type png)
<use ./images/distribDAYSEMPLOYED.png>
Package pdftex.def Info: ./images/distribDAYSEMPLOYED.png  used on input line 254.
(pdftex.def)             Requested size: 328.82707pt x 197.29741pt.
 [13 <./images/distribsDAYSBIRTHDAYSIDPUBLISHHOURAPPRPROCESSSTART.png> <./images/distribDAYSEMPLOYED.png>]
LaTeX Font Info:    External font `cmex10' loaded for size
(Font)              <12> on input line 277.
LaTeX Font Info:    External font `cmex10' loaded for size
(Font)              <8> on input line 277.
LaTeX Font Info:    External font `cmex10' loaded for size
(Font)              <6> on input line 277.
 [14]
<./images/distribDAYSEMPLOYEDMODIFIED.png, id=379, 722.7pt x 433.62pt>
File: ./images/distribDAYSEMPLOYEDMODIFIED.png Graphic file (type png)
<use ./images/distribDAYSEMPLOYEDMODIFIED.png>
Package pdftex.def Info: ./images/distribDAYSEMPLOYEDMODIFIED.png  used on input line 291.
(pdftex.def)             Requested size: 328.82707pt x 197.29741pt.


Package hyperref Warning: Token not allowed in a PDF string (PDFDocEncoding):
(hyperref)                removing `\setbox' on input line 296.


Package hyperref Warning: Token not allowed in a PDF string (PDFDocEncoding):
(hyperref)                removing `\z@' on input line 296.


Package hyperref Warning: Token not allowed in a PDF string (PDFDocEncoding):
(hyperref)                removing `\hbox' on input line 296.


Package hyperref Warning: Token not allowed in a PDF string (PDFDocEncoding):
(hyperref)                \kern 3.0pt
(hyperref)                removed on input line 296.


Package hyperref Warning: Token not allowed in a PDF string (PDFDocEncoding):
(hyperref)                removing `\pdfcolorstack' on input line 296.


Package hyperref Warning: Token not allowed in a PDF string (PDFDocEncoding):
(hyperref)                removing `\main@pdfcolorstack' on input line 296.


Package hyperref Warning: Token not allowed in a PDF string (PDFDocEncoding):
(hyperref)                removing `\aftergroup' on input line 296.


Package hyperref Warning: Token not allowed in a PDF string (PDFDocEncoding):
(hyperref)                removing `\pdfcolorstack' on input line 296.


Package hyperref Warning: Token not allowed in a PDF string (PDFDocEncoding):
(hyperref)                removing `\main@pdfcolorstack' on input line 296.


Package hyperref Warning: Token not allowed in a PDF string (PDFDocEncoding):
(hyperref)                \kern 3.0pt
(hyperref)                removed on input line 296.


Package hyperref Warning: Token not allowed in a PDF string (PDFDocEncoding):
(hyperref)                removing `\dimen@' on input line 296.


Package hyperref Warning: Token not allowed in a PDF string (PDFDocEncoding):
(hyperref)                removing `\ht' on input line 296.


Package hyperref Warning: Token not allowed in a PDF string (PDFDocEncoding):
(hyperref)                removing `\z@' on input line 296.


Package hyperref Warning: Token not allowed in a PDF string (PDFDocEncoding):
(hyperref)                removing `\advance' on input line 296.


Package hyperref Warning: Token not allowed in a PDF string (PDFDocEncoding):
(hyperref)                removing `\dimen@' on input line 296.


Package hyperref Warning: Token not allowed in a PDF string (PDFDocEncoding):
(hyperref)                removing `\fboxsep' on input line 296.


Package hyperref Warning: Token not allowed in a PDF string (PDFDocEncoding):
(hyperref)                removing `\ht' on input line 296.


Package hyperref Warning: Token not allowed in a PDF string (PDFDocEncoding):
(hyperref)                removing `\z@' on input line 296.


Package hyperref Warning: Token not allowed in a PDF string (PDFDocEncoding):
(hyperref)                removing `\dimen@' on input line 296.


Package hyperref Warning: Token not allowed in a PDF string (PDFDocEncoding):
(hyperref)                removing `\dimen@' on input line 296.


Package hyperref Warning: Token not allowed in a PDF string (PDFDocEncoding):
(hyperref)                removing `\dp' on input line 296.


Package hyperref Warning: Token not allowed in a PDF string (PDFDocEncoding):
(hyperref)                removing `\z@' on input line 296.


Package hyperref Warning: Token not allowed in a PDF string (PDFDocEncoding):
(hyperref)                removing `\advance' on input line 296.


Package hyperref Warning: Token not allowed in a PDF string (PDFDocEncoding):
(hyperref)                removing `\dimen@' on input line 296.


Package hyperref Warning: Token not allowed in a PDF string (PDFDocEncoding):
(hyperref)                removing `\fboxsep' on input line 296.


Package hyperref Warning: Token not allowed in a PDF string (PDFDocEncoding):
(hyperref)                removing `\dp' on input line 296.


Package hyperref Warning: Token not allowed in a PDF string (PDFDocEncoding):
(hyperref)                removing `\z@' on input line 296.


Package hyperref Warning: Token not allowed in a PDF string (PDFDocEncoding):
(hyperref)                removing `\dimen@' on input line 296.


Package hyperref Warning: Token not allowed in a PDF string (PDFDocEncoding):
(hyperref)                removing `\@ifnextchar' on input line 296.


Package hyperref Warning: Token not allowed in a PDF string (PDFDocEncoding):
(hyperref)                removing `\pdfcolorstack' on input line 296.


Package hyperref Warning: Token not allowed in a PDF string (PDFDocEncoding):
(hyperref)                removing `\main@pdfcolorstack' on input line 296.


Package hyperref Warning: Token not allowed in a PDF string (PDFDocEncoding):
(hyperref)                removing `\aftergroup' on input line 296.


Package hyperref Warning: Token not allowed in a PDF string (PDFDocEncoding):
(hyperref)                removing `\pdfcolorstack' on input line 296.


Package hyperref Warning: Token not allowed in a PDF string (PDFDocEncoding):
(hyperref)                removing `\main@pdfcolorstack' on input line 296.


Package hyperref Warning: Token not allowed in a PDF string (PDFDocEncoding):
(hyperref)                removing `\hbox' on input line 296.


Package hyperref Warning: Token not allowed in a PDF string (PDFDocEncoding):
(hyperref)                removing `\z@' on input line 296.


Package hyperref Warning: Token not allowed in a PDF string (PDFDocEncoding):
(hyperref)                removing `\vrule' on input line 296.


Package hyperref Warning: Token not allowed in a PDF string (PDFDocEncoding):
(hyperref)                removing `\wd' on input line 296.


Package hyperref Warning: Token not allowed in a PDF string (PDFDocEncoding):
(hyperref)                removing `\z@' on input line 296.


Package hyperref Warning: Token not allowed in a PDF string (PDFDocEncoding):
(hyperref)                removing `\ht' on input line 296.


Package hyperref Warning: Token not allowed in a PDF string (PDFDocEncoding):
(hyperref)                removing `\z@' on input line 296.


Package hyperref Warning: Token not allowed in a PDF string (PDFDocEncoding):
(hyperref)                removing `\dp' on input line 296.


Package hyperref Warning: Token not allowed in a PDF string (PDFDocEncoding):
(hyperref)                removing `\z@' on input line 296.


Package hyperref Warning: Token not allowed in a PDF string (PDFDocEncoding):
(hyperref)                removing `\hss' on input line 296.


Package hyperref Warning: Token not allowed in a PDF string (PDFDocEncoding):
(hyperref)                removing `\box' on input line 296.


Package hyperref Warning: Token not allowed in a PDF string (PDFDocEncoding):
(hyperref)                removing `\z@' on input line 296.

<./images/distribOWNCARAGE.png, id=380, 722.7pt x 433.62pt>
File: ./images/distribOWNCARAGE.png Graphic file (type png)
<use ./images/distribOWNCARAGE.png>
Package pdftex.def Info: ./images/distribOWNCARAGE.png  used on input line 300.
(pdftex.def)             Requested size: 328.82707pt x 197.29741pt.
[15 <./images/distribDAYSEMPLOYEDMODIFIED.png>] [16 <./images/distribOWNCARAGE.png>]
LaTeX Font Info:    Try loading font information for OMS+cmr on input line 358.
 (/usr/local/texlive/2018/texmf-dist/tex/latex/base/omscmr.fd
File: omscmr.fd 2014/09/29 v2.5h Standard LaTeX font definitions
)
LaTeX Font Info:    Font shape `OMS/cmr/bx/n' in size <12> not available
(Font)              Font shape `OMS/cmsy/b/n' tried instead on input line 358.
 [17]
LaTeX Font Info:    Font shape `OMS/cmr/m/n' in size <12> not available
(Font)              Font shape `OMS/cmsy/m/n' tried instead on input line 360.
 [18]
LaTeX Font Info:    Font shape `OMS/cmr/bx/n' in size <14.4> not available
(Font)              Font shape `OMS/cmsy/b/n' tried instead on input line 399.
 [19] [20] [21] [22] [23] [24] [25] [26] [27] [28] [29] [30] [31] [32] [33]
Overfull \hbox (32.10019pt too wide) in alignment at lines 655--664
 [] [] [] [] [] [] [] [] [] 
 []


Overfull \hbox (32.10019pt too wide) in alignment at lines 664--672
 [] [] [] [] [] [] [] [] [] 
 []


Overfull \hbox (32.10019pt too wide) in alignment at lines 672--675
 [] [] [] [] [] [] [] [] [] 
 []


Overfull \hbox (32.10019pt too wide) in alignment at lines 675--678
 [] [] [] [] [] [] [] [] [] 
 []


Overfull \hbox (32.10019pt too wide) in alignment at lines 678--700
 [] [] [] [] [] [] [] [] [] 
 []

[34]
Overfull \hbox (32.10019pt too wide) in alignment at lines 700--720
 [] [] [] [] [] [] [] [] [] 
 []


Overfull \hbox (32.10019pt too wide) in alignment at lines 720--740
 [] [] [] [] [] [] [] [] [] 
 []


Overfull \hbox (32.10019pt too wide) in alignment at lines 740--760
 [] [] [] [] [] [] [] [] [] 
 []


Overfull \hbox (32.10019pt too wide) in alignment at lines 760--780
 [] [] [] [] [] [] [] [] [] 
 []

[35]
Overfull \hbox (32.10019pt too wide) in alignment at lines 780--786
 [] [] [] [] [] [] [] [] [] 
 []


Overfull \hbox (12.9431pt too wide) in alignment at lines 796--805
 [] [] [] [] [] [] [] [] [] 
 []


Overfull \hbox (12.9431pt too wide) in alignment at lines 805--813
 [] [] [] [] [] [] [] [] [] 
 []


Overfull \hbox (12.9431pt too wide) in alignment at lines 813--816
 [] [] [] [] [] [] [] [] [] 
 []


Overfull \hbox (12.9431pt too wide) in alignment at lines 816--819
 [] [] [] [] [] [] [] [] [] 
 []


Overfull \hbox (12.9431pt too wide) in alignment at lines 819--835
 [] [] [] [] [] [] [] [] [] 
 []


Overfull \hbox (26.72859pt too wide) in alignment at lines 847--856
 [] [] [] [] [] [] 
 []


Overfull \hbox (26.72859pt too wide) in alignment at lines 856--864
 [] [] [] [] [] [] 
 []


Overfull \hbox (26.72859pt too wide) in alignment at lines 864--867
 [] [] [] [] [] [] 
 []


Overfull \hbox (26.72859pt too wide) in alignment at lines 867--870
 [] [] [] [] [] [] 
 []


Overfull \hbox (26.72859pt too wide) in alignment at lines 870--892
 [] [] [] [] [] [] 
 []


Overfull \hbox (26.72859pt too wide) in alignment at lines 892--912
 [] [] [] [] [] [] 
 []

[36]
Overfull \hbox (26.72859pt too wide) in alignment at lines 912--932
 [] [] [] [] [] [] 
 []


Overfull \hbox (26.72859pt too wide) in alignment at lines 932--952
 [] [] [] [] [] [] 
 []


Overfull \hbox (26.72859pt too wide) in alignment at lines 952--972
 [] [] [] [] [] [] 
 []


Overfull \hbox (26.72859pt too wide) in alignment at lines 972--992
 [] [] [] [] [] [] 
 []

[37]
Overfull \hbox (26.72859pt too wide) in alignment at lines 992--994
 [] [] [] [] [] [] 
 []

LaTeX Font Info:    External font `cmex10' loaded for size
(Font)              <5> on input line 1063.

Overfull \hbox (25.9217pt too wide) in alignment at lines 1056--1065
 [] [] [] [] [] [] [] [] 
 []


Overfull \hbox (25.9217pt too wide) in alignment at lines 1065--1073
 [] [] [] [] [] [] [] [] 
 []


Overfull \hbox (25.9217pt too wide) in alignment at lines 1073--1076
 [] [] [] [] [] [] [] [] 
 []


Overfull \hbox (25.9217pt too wide) in alignment at lines 1076--1079
 [] [] [] [] [] [] [] [] 
 []


Overfull \hbox (25.9217pt too wide) in alignment at lines 1079--1101
 [] [] [] [] [] [] [] [] 
 []


Overfull \hbox (25.9217pt too wide) in alignment at lines 1101--1121
 [] [] [] [] [] [] [] [] 
 []

[38]
Overfull \hbox (25.9217pt too wide) in alignment at lines 1121--1141
 [] [] [] [] [] [] [] [] 
 []


Overfull \hbox (25.9217pt too wide) in alignment at lines 1141--1148
 [] [] [] [] [] [] [] [] 
 []

[39] [40] [41] [42] [43]
<./images/main-data-table-normal-feature-distribs-p1.png, id=894, 1007.9256pt x 1085.9772pt>
File: ./images/main-data-table-normal-feature-distribs-p1.png Graphic file (type png)
<use ./images/main-data-table-normal-feature-distribs-p1.png>
Package pdftex.def Info: ./images/main-data-table-normal-feature-distribs-p1.png  used on input line 1327.
(pdftex.def)             Requested size: 418.08168pt x 450.45673pt.
 [44 <./images/main-data-table-normal-feature-distribs-p1.png>]
<./images/main-data-table-normal-feature-distribs-p2.png, id=901, 1008.8892pt x 1082.1228pt>
File: ./images/main-data-table-normal-feature-distribs-p2.png Graphic file (type png)
<use ./images/main-data-table-normal-feature-distribs-p2.png>
Package pdftex.def Info: ./images/main-data-table-normal-feature-distribs-p2.png  used on input line 1335.
(pdftex.def)             Requested size: 418.08168pt x 448.42863pt.
 [45 <./images/main-data-table-normal-feature-distribs-p2.png>]
<./images/main-data-table-normal-feature-distribs-p3.png, id=908, 1008.8892pt x 1082.1228pt>
File: ./images/main-data-table-normal-feature-distribs-p3.png Graphic file (type png)
<use ./images/main-data-table-normal-feature-distribs-p3.png>
Package pdftex.def Info: ./images/main-data-table-normal-feature-distribs-p3.png  used on input line 1343.
(pdftex.def)             Requested size: 418.08168pt x 448.42863pt.
 [46 <./images/main-data-table-normal-feature-distribs-p3.png>]
<./images/main-data-table-normal-feature-distribs-p4.png, id=915, 1008.8892pt x 1085.9772pt>
File: ./images/main-data-table-normal-feature-distribs-p4.png Graphic file (type png)
<use ./images/main-data-table-normal-feature-distribs-p4.png>
Package pdftex.def Info: ./images/main-data-table-normal-feature-distribs-p4.png  used on input line 1351.
(pdftex.def)             Requested size: 418.08168pt x 450.0259pt.
 [47 <./images/main-data-table-normal-feature-distribs-p4.png>]
<./images/main-data-table-non-normal-feature-distribs-p1.png, id=922, 1153.4292pt x 1237.2624pt>
File: ./images/main-data-table-non-normal-feature-distribs-p1.png Graphic file (type png)
<use ./images/main-data-table-non-normal-feature-distribs-p1.png>
Package pdftex.def Info: ./images/main-data-table-non-normal-feature-distribs-p1.png  used on input line 1362.
(pdftex.def)             Requested size: 418.08168pt x 448.47253pt.
 [48 <./images/main-data-table-non-normal-feature-distribs-p1.png>]
<./images/main-data-table-non-normal-feature-distribs-p2.png, id=929, 1153.4292pt x 930.8376pt>
File: ./images/main-data-table-non-normal-feature-distribs-p2.png Graphic file (type png)
<use ./images/main-data-table-non-normal-feature-distribs-p2.png>
Package pdftex.def Info: ./images/main-data-table-non-normal-feature-distribs-p2.png  used on input line 1370.
(pdftex.def)             Requested size: 418.08168pt x 337.40224pt.
 [49 <./images/main-data-table-non-normal-feature-distribs-p2.png>]
Package atveryend Info: Empty hook `BeforeClearDocument' on input line 1380.
 [50]
Package atveryend Info: Empty hook `AfterLastShipout' on input line 1380.
 (./report.aux)
Package atveryend Info: Executing hook `AtVeryEndDocument' on input line 1380.
Package atveryend Info: Executing hook `AtEndAfterFileList' on input line 1380.
Package rerunfilecheck Info: File `report.out' has not changed.
(rerunfilecheck)             Checksum: 6EA3539D456C8F83D185F005342519FF;5019.


LaTeX Font Warning: Some font shapes were not available, defaults substituted.

Package logreq Info: Writing requests to 'report.run.xml'.
\openout1 = `report.run.xml'.

Package atveryend Info: Empty hook `AtVeryVeryEnd' on input line 1380.
 ) 
Here is how much of TeX's memory you used:
 15990 strings out of 492649
 259395 string characters out of 6129622
 822886 words of memory out of 5000000
 19174 multiletter control sequences out of 15000+600000
 11053 words of font info for 39 fonts, out of 8000000 for 9000
 1141 hyphenation exceptions out of 8191
 41i,7n,45p,2531b,1639s stack positions out of 5000i,500n,10000p,200000b,80000s
</usr/local/texlive/2018/texmf-dist/fonts/type1/public/amsfonts/cm/cmbsy10.pfb></usr/local/texlive/2018/texmf-dist/fonts/type1/public/amsfonts/cm/cmbx12.pfb></usr/local/texlive/2018/texmf-dist/fonts/type1/public/amsfonts/cm/cmbx6.pfb></usr/local/texlive/2018/texmf-dist/fonts/type1/public/amsfonts/cm/cmcsc10.pfb></usr/local/texlive/2018/texmf-dist/fonts/type1/public/amsfonts/cm/cmr10.pfb></usr/local/texlive/2018/texmf-dist/fonts/type1/public/amsfonts/cm/cmr12.pfb></usr/local/texlive/2018/texmf-dist/fonts/type1/public/amsfonts/cm/cmr17.pfb></usr/local/texlive/2018/texmf-dist/fonts/type1/public/amsfonts/cm/cmr6.pfb></usr/local/texlive/2018/texmf-dist/fonts/type1/public/amsfonts/cm/cmsy10.pfb></usr/local/texlive/2018/texmf-dist/fonts/type1/public/amsfonts/cm/cmti12.pfb></usr/local/texlive/2018/texmf-dist/fonts/type1/public/amsfonts/cm/cmtt12.pfb>
Output written on report.pdf (50 pages, 4758047 bytes).
PDF statistics:
 1106 PDF objects out of 1200 (max. 8388607)
 998 compressed objects within 10 object streams
 527 named destinations out of 1000 (max. 500000)
 534 words of extra memory for PDF output out of 10000 (max. 10000000)

