\BOOKMARK [1][-]{section.1}{Definition}{}% 1
\BOOKMARK [2][-]{subsection.1.1}{Project Overview}{section.1}% 2
\BOOKMARK [2][-]{subsection.1.2}{Problem Statement}{section.1}% 3
\BOOKMARK [2][-]{subsection.1.3}{Metrics}{section.1}% 4
\BOOKMARK [1][-]{section.2}{Analysis}{}% 5
\BOOKMARK [2][-]{subsection.2.1}{Data Exploration}{section.2}% 6
\BOOKMARK [3][-]{subsubsection.2.1.1}{Data Table Statistics and Samples}{subsection.2.1}% 7
\BOOKMARK [3][-]{subsubsection.2.1.2}{Main Data Table Features with `NaN' Entries}{subsection.2.1}% 8
\BOOKMARK [3][-]{subsubsection.2.1.3}{Main Data Table Borrowers with `NaN' Entries}{subsection.2.1}% 9
\BOOKMARK [3][-]{subsubsection.2.1.4}{Main Data Table Anomalies}{subsection.2.1}% 10
\BOOKMARK [3][-]{subsubsection.2.1.5}{Feature Engineering}{subsection.2.1}% 11
\BOOKMARK [2][-]{subsection.2.2}{Exploratory Visualization}{section.2}% 12
\BOOKMARK [3][-]{subsubsection.2.2.1}{Distributions of Main Data Table Numerical Features Identified as Normalized}{subsection.2.2}% 13
\BOOKMARK [3][-]{subsubsection.2.2.2}{Distributions of Main Data Table Numerical Features Identified as Non-Normalized}{subsection.2.2}% 14
\BOOKMARK [3][-]{subsubsection.2.2.3}{Deeper Dive into the push0 g 0 GpopDAYS\137EMPLOYEDbackcolorpush0 g 0 Gpoptowidthheightdepth Feature}{subsection.2.2}% 15
\BOOKMARK [3][-]{subsubsection.2.2.4}{Deeper Dive into the push0 g 0 GpopOWN\137CAR\137AGEbackcolorpush0 g 0 Gpoptowidthheightdepth Feature}{subsection.2.2}% 16
\BOOKMARK [2][-]{subsection.2.3}{Algorithms and Techniques}{section.2}% 17
\BOOKMARK [3][-]{subsubsection.2.3.1}{Data Preprocessing}{subsection.2.3}% 18
\BOOKMARK [3][-]{subsubsection.2.3.2}{Implementation}{subsection.2.3}% 19
\BOOKMARK [3][-]{subsubsection.2.3.3}{Refinement}{subsection.2.3}% 20
\BOOKMARK [2][-]{subsection.2.4}{Benchmark}{section.2}% 21
\BOOKMARK [1][-]{section.3}{Methodology}{}% 22
\BOOKMARK [2][-]{subsection.3.1}{Data Preprocessing}{section.3}% 23
\BOOKMARK [2][-]{subsection.3.2}{Implementation}{section.3}% 24
\BOOKMARK [2][-]{subsection.3.3}{Refinement}{section.3}% 25
\BOOKMARK [1][-]{section.4}{Results}{}% 26
\BOOKMARK [2][-]{subsection.4.1}{Model Evaluation and Validation}{section.4}% 27
\BOOKMARK [2][-]{subsection.4.2}{Justification}{section.4}% 28
\BOOKMARK [1][-]{section.5}{Conclusion}{}% 29
\BOOKMARK [2][-]{subsection.5.1}{Free-Form Visualization}{section.5}% 30
\BOOKMARK [2][-]{subsection.5.2}{Reflection}{section.5}% 31
\BOOKMARK [2][-]{subsection.5.3}{Improvement}{section.5}% 32
\BOOKMARK [1][-]{section*.9}{Appendices}{}% 33
\BOOKMARK [1][-]{Appendix.1.A}{Data Table Descriptions}{}% 34
\BOOKMARK [1][-]{Appendix.1.B}{Data Table Features}{}% 35
\BOOKMARK [2][-]{subsection.1.B.1}{Main Data Table Features \(application\137\173train | test\175.csv\)}{Appendix.1.B}% 36
\BOOKMARK [2][-]{subsection.1.B.2}{Bureau Data Table Features \(bureau.csv\)}{Appendix.1.B}% 37
\BOOKMARK [2][-]{subsection.1.B.3}{Bureau Balance Data Table Features \(bureau\137balance.csv\)}{Appendix.1.B}% 38
\BOOKMARK [2][-]{subsection.1.B.4}{Previous Application Data Table Features \(previous\137application.csv\)}{Appendix.1.B}% 39
\BOOKMARK [2][-]{subsection.1.B.5}{POS CASH Balance Data Table Features \(POS\137CASH\137balance.csv\)}{Appendix.1.B}% 40
\BOOKMARK [2][-]{subsection.1.B.6}{Installments Payments Data Table Features \(installments\137payments.csv\)}{Appendix.1.B}% 41
\BOOKMARK [2][-]{subsection.1.B.7}{Credit Card Balance Data Table Features \(credit\137card\137balance.csv\)}{Appendix.1.B}% 42
\BOOKMARK [1][-]{Appendix.1.C}{Data Table Statistical Summaries}{}% 43
\BOOKMARK [2][-]{subsection.1.C.1}{Main Data Table Statistical Summary \(application\137train.csv\)}{Appendix.1.C}% 44
\BOOKMARK [2][-]{subsection.1.C.2}{Bureau Data Table Statistical Summary \(bureau.csv\)}{Appendix.1.C}% 45
\BOOKMARK [1][-]{Appendix.1.D}{Data Table Samples}{}% 46
\BOOKMARK [2][-]{subsection.1.D.1}{Main Data Table Samples \(application\137\173train | test\175.csv\)}{Appendix.1.D}% 47
\BOOKMARK [2][-]{subsection.1.D.2}{Bureau Data Table Samples \(bureau.csv\)}{Appendix.1.D}% 48
\BOOKMARK [1][-]{Appendix.1.E}{Main Data Table `NaN' Entry Statistical Summary}{}% 49
\BOOKMARK [1][-]{Appendix.1.F}{Main Data Table Feature Types}{}% 50
\BOOKMARK [2][-]{subsection.1.F.1}{Categorical features needing one-hot encoding}{Appendix.1.F}% 51
\BOOKMARK [2][-]{subsection.1.F.2}{Categorical features originally mis-identified by Home Credit as normalized \(they also need to be one-hot encoded\)}{Appendix.1.F}% 52
\BOOKMARK [2][-]{subsection.1.F.3}{Categorical features needing re-engineering}{Appendix.1.F}% 53
\BOOKMARK [2][-]{subsection.1.F.4}{Binary Categorical features already one-hot encoded}{Appendix.1.F}% 54
\BOOKMARK [2][-]{subsection.1.F.5}{Numerical features not identified as normalized, that have roughly normal distributions}{Appendix.1.F}% 55
\BOOKMARK [2][-]{subsection.1.F.6}{Numerical features not identified as normalized, that have skewed distributions}{Appendix.1.F}% 56
\BOOKMARK [2][-]{subsection.1.F.7}{Numerical features not identified as normalized, that have skewed distributions and negative values}{Appendix.1.F}% 57
\BOOKMARK [2][-]{subsection.1.F.8}{Numerical features identified as normalized, which are scaled to range [0,1]}{Appendix.1.F}% 58
\BOOKMARK [2][-]{subsection.1.F.9}{Numerical features identified as normalized, which not are scaled to range [0,1]}{Appendix.1.F}% 59
\BOOKMARK [1][-]{Appendix.1.G}{Main Data Table Numerical Feature Distributions}{}% 60
\BOOKMARK [2][-]{subsection.1.G.1}{Main Data Table Normalized Feature Distributions}{Appendix.1.G}% 61
\BOOKMARK [2][-]{subsection.1.G.2}{Main Data Table Non-normalized Feature Distributions}{Appendix.1.G}% 62
